<?xml version="1.0" encoding="UTF-8"?>
<!-- Generated by org.testng.reporters.JUnitXMLReporter -->
<testsuite ignored="0" hostname="J6VC893" failures="2" tests="3" name="Groups" time="0.141" errors="0" timestamp="2023-03-08T21:45:39 EST">
  <testcase classname="TestNGProrityDemo.TestNGRerunDemo" name="test1" time="0.01"/>
  <testcase classname="TestNGProrityDemo.TestNGRerunDemo" name="test2" time="0.002">
    <failure type="java.lang.ArithmeticException" message="/ by zero">
      <![CDATA[java.lang.ArithmeticException: / by zero
at TestNGProrityDemo.TestNGRerunDemo.test2(TestNGRerunDemo.java:17)
at java.base/java.util.ArrayList.forEach(ArrayList.java:1511)
at com.intellij.rt.testng.IDEARemoteTestNG.run(IDEARemoteTestNG.java:66)
at com.intellij.rt.testng.RemoteTestNGStarter.main(RemoteTestNGStarter.java:109)
... Removed 24 stack frames]]>
    </failure>
  </testcase> <!-- test2 -->
  <testcase classname="TestNGProrityDemo.TestNGRerunDemo" name="test3" time="0.024">
    <failure type="java.lang.AssertionError" message="expected [true] but found [false]">
      <![CDATA[java.lang.AssertionError: expected [true] but found [false]
at TestNGProrityDemo.TestNGRerunDemo.test3(TestNGRerunDemo.java:24)
at java.base/java.util.ArrayList.forEach(ArrayList.java:1511)
at com.intellij.rt.testng.IDEARemoteTestNG.run(IDEARemoteTestNG.java:66)
at com.intellij.rt.testng.RemoteTestNGStarter.main(RemoteTestNGStarter.java:109)
... Removed 28 stack frames]]>
    </failure>
  </testcase> <!-- test3 -->
</testsuite> <!-- Groups -->
